.twa-project/app/build/intermediates/manifest_merge_blame_file/release/manifest-merger-blame-release-report.txt
1<?xml version="1.0" encoding="utf-8"?>
2<manifest xmlns:android="http://schemas.android.com/apk/res/android"
3    package="com.gms.twa"
4    android:versionCode="14"
5    android:versionName="1.0.14" >
6
7    <uses-sdk
8        android:minSdkVersion="24"
9        android:targetSdkVersion="34" />
10
11    <uses-permission android:name="android.permission.INTERNET" />
11-->src/main/AndroidManifest.xml:4:5-67
11-->src/main/AndroidManifest.xml:4:22-64
12    <uses-permission android:name="android.permission.CAMERA" />
12-->src/main/AndroidManifest.xml:5:5-65
12-->src/main/AndroidManifest.xml:5:22-62
13    <uses-permission android:name="android.permission.VIBRATE" />
13-->src/main/AndroidManifest.xml:6:5-66
13-->src/main/AndroidManifest.xml:6:22-63
14    <uses-permission android:name="android.permission.ACCESS_NETWORK_STATE" />
14-->src/main/AndroidManifest.xml:7:5-79
14-->src/main/AndroidManifest.xml:7:22-76
15    <uses-permission
15-->src/main/AndroidManifest.xml:8:5-9:51
16        android:name="android.permission.WRITE_EXTERNAL_STORAGE"
16-->src/main/AndroidManifest.xml:8:22-78
17        android:maxSdkVersion="28" />
17-->src/main/AndroidManifest.xml:9:22-48
18    <uses-permission android:name="android.permission.REQUEST_INSTALL_PACKAGES" />
18-->src/main/AndroidManifest.xml:10:5-83
18-->src/main/AndroidManifest.xml:10:22-80
19
20    <uses-feature
20-->src/main/AndroidManifest.xml:12:5-85
21        android:name="android.hardware.camera"
21-->src/main/AndroidManifest.xml:12:19-57
22        android:required="false" />
22-->src/main/AndroidManifest.xml:12:58-82
23
24    <uses-permission android:name="android.permission.WAKE_LOCK" />
24-->[androidx.work:work-runtime:2.8.1] AndroidManifest.xml:23:5-68
24-->[androidx.work:work-runtime:2.8.1] AndroidManifest.xml:23:22-65
25    <uses-permission android:name="android.permission.RECEIVE_BOOT_COMPLETED" />
25-->[androidx.work:work-runtime:2.8.1] AndroidManifest.xml:25:5-81
25-->[androidx.work:work-runtime:2.8.1] AndroidManifest.xml:25:22-78
26    <uses-permission android:name="android.permission.FOREGROUND_SERVICE" />
26-->[androidx.work:work-runtime:2.8.1] AndroidManifest.xml:26:5-77
26-->[androidx.work:work-runtime:2.8.1] AndroidManifest.xml:26:22-74
27
28    <permission
28-->[androidx.core:core:1.12.0] AndroidManifest.xml:22:5-24:47
29        android:name="com.gms.twa.DYNAMIC_RECEIVER_NOT_EXPORTED_PERMISSION"
29-->[androidx.core:core:1.12.0] AndroidManifest.xml:23:9-81
30        android:protectionLevel="signature" />
30-->[androidx.core:core:1.12.0] AndroidManifest.xml:24:9-44
31
32    <uses-permission android:name="com.gms.twa.DYNAMIC_RECEIVER_NOT_EXPORTED_PERMISSION" />
32-->[androidx.core:core:1.12.0] AndroidManifest.xml:26:5-97
32-->[androidx.core:core:1.12.0] AndroidManifest.xml:26:22-94
33
34    <application
34-->src/main/AndroidManifest.xml:14:5-48:19
35        android:allowBackup="true"
35-->src/main/AndroidManifest.xml:15:9-35
36        android:appComponentFactory="androidx.core.app.CoreComponentFactory"
36-->[androidx.core:core:1.12.0] AndroidManifest.xml:28:18-86
37        android:extractNativeLibs="false"
38        android:icon="@mipmap/ic_launcher"
38-->src/main/AndroidManifest.xml:16:9-43
39        android:label="@string/app_name"
39-->src/main/AndroidManifest.xml:18:9-41
40        android:roundIcon="@mipmap/ic_launcher_round"
40-->src/main/AndroidManifest.xml:17:9-54
41        android:theme="@style/Theme.GMS"
41-->src/main/AndroidManifest.xml:19:9-41
42        android:usesCleartextTraffic="true" >
42-->src/main/AndroidManifest.xml:20:9-44
43        <activity
43-->src/main/AndroidManifest.xml:22:9-37:20
44            android:name="com.gms.twa.MainActivity"
44-->src/main/AndroidManifest.xml:23:13-41
45            android:configChanges="orientation|screenSize|keyboardHidden"
45-->src/main/AndroidManifest.xml:25:13-74
46            android:exported="true"
46-->src/main/AndroidManifest.xml:24:13-36
47            android:launchMode="singleTask"
47-->src/main/AndroidManifest.xml:26:13-44
48            android:screenOrientation="portrait" >
48-->src/main/AndroidManifest.xml:27:13-49
49            <intent-filter>
49-->src/main/AndroidManifest.xml:29:13-32:29
50                <action android:name="android.intent.action.MAIN" />
50-->src/main/AndroidManifest.xml:30:17-69
50-->src/main/AndroidManifest.xml:30:25-66
51
52                <category android:name="android.intent.category.LAUNCHER" />
52-->src/main/AndroidManifest.xml:31:17-77
52-->src/main/AndroidManifest.xml:31:27-74
53            </intent-filter>
54
55            <meta-data
55-->src/main/AndroidManifest.xml:34:13-36:53
56                android:name="android.app.shortcuts"
56-->src/main/AndroidManifest.xml:35:17-53
57                android:resource="@xml/shortcuts" />
57-->src/main/AndroidManifest.xml:36:17-50
58        </activity>
59
60        <provider
61            android:name="androidx.core.content.FileProvider"
61-->src/main/AndroidManifest.xml:40:13-62
62            android:authorities="com.gms.twa.fileprovider"
62-->src/main/AndroidManifest.xml:41:13-64
63            android:exported="false"
63-->src/main/AndroidManifest.xml:42:13-37
64            android:grantUriPermissions="true" >
64-->src/main/AndroidManifest.xml:43:13-47
65            <meta-data
65-->src/main/AndroidManifest.xml:44:13-46:54
66                android:name="android.support.FILE_PROVIDER_PATHS"
66-->src/main/AndroidManifest.xml:45:17-67
67                android:resource="@xml/file_paths" />
67-->src/main/AndroidManifest.xml:46:17-51
68        </provider>
69        <provider
69-->[androidx.work:work-runtime:2.8.1] AndroidManifest.xml:29:9-37:20
70            android:name="androidx.startup.InitializationProvider"
70-->[androidx.work:work-runtime:2.8.1] AndroidManifest.xml:30:13-67
71            android:authorities="com.gms.twa.androidx-startup"
71-->[androidx.work:work-runtime:2.8.1] AndroidManifest.xml:31:13-68
72            android:exported="false" >
72-->[androidx.work:work-runtime:2.8.1] AndroidManifest.xml:32:13-37
73            <meta-data
73-->[androidx.work:work-runtime:2.8.1] AndroidManifest.xml:34:13-36:52
74                android:name="androidx.work.WorkManagerInitializer"
74-->[androidx.work:work-runtime:2.8.1] AndroidManifest.xml:35:17-68
75                android:value="androidx.startup" />
75-->[androidx.work:work-runtime:2.8.1] AndroidManifest.xml:36:17-49
76            <meta-data
76-->[androidx.emoji2:emoji2:1.2.0] AndroidManifest.xml:29:13-31:52
77                android:name="androidx.emoji2.text.EmojiCompatInitializer"
77-->[androidx.emoji2:emoji2:1.2.0] AndroidManifest.xml:30:17-75
78                android:value="androidx.startup" />
78-->[androidx.emoji2:emoji2:1.2.0] AndroidManifest.xml:31:17-49
79            <meta-data
79-->[androidx.lifecycle:lifecycle-process:2.6.1] AndroidManifest.xml:29:13-31:52
80                android:name="androidx.lifecycle.ProcessLifecycleInitializer"
80-->[androidx.lifecycle:lifecycle-process:2.6.1] AndroidManifest.xml:30:17-78
81                android:value="androidx.startup" />
81-->[androidx.lifecycle:lifecycle-process:2.6.1] AndroidManifest.xml:31:17-49
82            <meta-data
82-->[androidx.profileinstaller:profileinstaller:1.3.0] AndroidManifest.xml:29:13-31:52
83                android:name="androidx.profileinstaller.ProfileInstallerInitializer"
83-->[androidx.profileinstaller:profileinstaller:1.3.0] AndroidManifest.xml:30:17-85
84                android:value="androidx.startup" />
84-->[androidx.profileinstaller:profileinstaller:1.3.0] AndroidManifest.xml:31:17-49
85        </provider>
86
87        <service
87-->[androidx.work:work-runtime:2.8.1] AndroidManifest.xml:39:9-45:35
88            android:name="androidx.work.impl.background.systemalarm.SystemAlarmService"
88-->[androidx.work:work-runtime:2.8.1] AndroidManifest.xml:40:13-88
89            android:directBootAware="false"
89-->[androidx.work:work-runtime:2.8.1] AndroidManifest.xml:41:13-44
90            android:enabled="@bool/enable_system_alarm_service_default"
90-->[androidx.work:work-runtime:2.8.1] AndroidManifest.xml:42:13-72
91            android:exported="false" />
91-->[androidx.work:work-runtime:2.8.1] AndroidManifest.xml:43:13-37
92        <service
92-->[androidx.work:work-runtime:2.8.1] AndroidManifest.xml:46:9-52:35
93            android:name="androidx.work.impl.background.systemjob.SystemJobService"
93-->[androidx.work:work-runtime:2.8.1] AndroidManifest.xml:47:13-84
94            android:directBootAware="false"
94-->[androidx.work:work-runtime:2.8.1] AndroidManifest.xml:48:13-44
95            android:enabled="@bool/enable_system_job_service_default"
95-->[androidx.work:work-runtime:2.8.1] AndroidManifest.xml:49:13-70
96            android:exported="true"
96-->[androidx.work:work-runtime:2.8.1] AndroidManifest.xml:50:13-36
97            android:permission="android.permission.BIND_JOB_SERVICE" />
97-->[androidx.work:work-runtime:2.8.1] AndroidManifest.xml:51:13-69
98        <service
98-->[androidx.work:work-runtime:2.8.1] AndroidManifest.xml:53:9-59:35
99            android:name="androidx.work.impl.foreground.SystemForegroundService"
99-->[androidx.work:work-runtime:2.8.1] AndroidManifest.xml:54:13-81
100            android:directBootAware="false"
100-->[androidx.work:work-runtime:2.8.1] AndroidManifest.xml:55:13-44
101            android:enabled="@bool/enable_system_foreground_service_default"
101-->[androidx.work:work-runtime:2.8.1] AndroidManifest.xml:56:13-77
102            android:exported="false" />
102-->[androidx.work:work-runtime:2.8.1] AndroidManifest.xml:57:13-37
103
104        <receiver
104-->[androidx.work:work-runtime:2.8.1] AndroidManifest.xml:61:9-66:35
105            android:name="androidx.work.impl.utils.ForceStopRunnable$BroadcastReceiver"
105-->[androidx.work:work-runtime:2.8.1] AndroidManifest.xml:62:13-88
106            android:directBootAware="false"
106-->[androidx.work:work-runtime:2.8.1] AndroidManifest.xml:63:13-44
107            android:enabled="true"
107-->[androidx.work:work-runtime:2.8.1] AndroidManifest.xml:64:13-35
108            android:exported="false" />
108-->[androidx.work:work-runtime:2.8.1] AndroidManifest.xml:65:13-37
109        <receiver
109-->[androidx.work:work-runtime:2.8.1] AndroidManifest.xml:67:9-77:20
110            android:name="androidx.work.impl.background.systemalarm.ConstraintProxy$BatteryChargingProxy"
110-->[androidx.work:work-runtime:2.8.1] AndroidManifest.xml:68:13-106
111            android:directBootAware="false"
111-->[androidx.work:work-runtime:2.8.1] AndroidManifest.xml:69:13-44
112            android:enabled="false"
112-->[androidx.work:work-runtime:2.8.1] AndroidManifest.xml:70:13-36
113            android:exported="false" >
113-->[androidx.work:work-runtime:2.8.1] AndroidManifest.xml:71:13-37
114            <intent-filter>
114-->[androidx.work:work-runtime:2.8.1] AndroidManifest.xml:73:13-76:29
115                <action android:name="android.intent.action.ACTION_POWER_CONNECTED" />
115-->[androidx.work:work-runtime:2.8.1] AndroidManifest.xml:74:17-87
115-->[androidx.work:work-runtime:2.8.1] AndroidManifest.xml:74:25-84
116                <action android:name="android.intent.action.ACTION_POWER_DISCONNECTED" />
116-->[androidx.work:work-runtime:2.8.1] AndroidManifest.xml:75:17-90
116-->[androidx.work:work-runtime:2.8.1] AndroidManifest.xml:75:25-87
117            </intent-filter>
118        </receiver>
119        <receiver
119-->[androidx.work:work-runtime:2.8.1] AndroidManifest.xml:78:9-88:20
120            android:name="androidx.work.impl.background.systemalarm.ConstraintProxy$BatteryNotLowProxy"
120-->[androidx.work:work-runtime:2.8.1] AndroidManifest.xml:79:13-104
121            android:directBootAware="false"
121-->[androidx.work:work-runtime:2.8.1] AndroidManifest.xml:80:13-44
122            android:enabled="false"
122-->[androidx.work:work-runtime:2.8.1] AndroidManifest.xml:81:13-36
123            android:exported="false" >
123-->[androidx.work:work-runtime:2.8.1] AndroidManifest.xml:82:13-37
124            <intent-filter>
124-->[androidx.work:work-runtime:2.8.1] AndroidManifest.xml:84:13-87:29
125                <action android:name="android.intent.action.BATTERY_OKAY" />
125-->[androidx.work:work-runtime:2.8.1] AndroidManifest.xml:85:17-77
125-->[androidx.work:work-runtime:2.8.1] AndroidManifest.xml:85:25-74
126                <action android:name="android.intent.action.BATTERY_LOW" />
126-->[androidx.work:work-runtime:2.8.1] AndroidManifest.xml:86:17-76
126-->[androidx.work:work-runtime:2.8.1] AndroidManifest.xml:86:25-73
127            </intent-filter>
128        </receiver>
129        <receiver
129-->[androidx.work:work-runtime:2.8.1] AndroidManifest.xml:89:9-99:20
130            android:name="androidx.work.impl.background.systemalarm.ConstraintProxy$StorageNotLowProxy"
130-->[androidx.work:work-runtime:2.8.1] AndroidManifest.xml:90:13-104
131            android:directBootAware="false"
131-->[androidx.work:work-runtime:2.8.1] AndroidManifest.xml:91:13-44
132            android:enabled="false"
132-->[androidx.work:work-runtime:2.8.1] AndroidManifest.xml:92:13-36
133            android:exported="false" >
133-->[androidx.work:work-runtime:2.8.1] AndroidManifest.xml:93:13-37
134            <intent-filter>
134-->[androidx.work:work-runtime:2.8.1] AndroidManifest.xml:95:13-98:29
135                <action android:name="android.intent.action.DEVICE_STORAGE_LOW" />
135-->[androidx.work:work-runtime:2.8.1] AndroidManifest.xml:96:17-83
135-->[androidx.work:work-runtime:2.8.1] AndroidManifest.xml:96:25-80
136                <action android:name="android.intent.action.DEVICE_STORAGE_OK" />
136-->[androidx.work:work-runtime:2.8.1] AndroidManifest.xml:97:17-82
136-->[androidx.work:work-runtime:2.8.1] AndroidManifest.xml:97:25-79
137            </intent-filter>
138        </receiver>
139        <receiver
139-->[androidx.work:work-runtime:2.8.1] AndroidManifest.xml:100:9-109:20
140            android:name="androidx.work.impl.background.systemalarm.ConstraintProxy$NetworkStateProxy"
140-->[androidx.work:work-runtime:2.8.1] AndroidManifest.xml:101:13-103
141            android:directBootAware="false"
141-->[androidx.work:work-runtime:2.8.1] AndroidManifest.xml:102:13-44
142            android:enabled="false"
142-->[androidx.work:work-runtime:2.8.1] AndroidManifest.xml:103:13-36
143            android:exported="false" >
143-->[androidx.work:work-runtime:2.8.1] AndroidManifest.xml:104:13-37
144            <intent-filter>
144-->[androidx.work:work-runtime:2.8.1] AndroidManifest.xml:106:13-108:29
145                <action android:name="android.net.conn.CONNECTIVITY_CHANGE" />
145-->[androidx.work:work-runtime:2.8.1] AndroidManifest.xml:107:17-79
145-->[androidx.work:work-runtime:2.8.1] AndroidManifest.xml:107:25-76
146            </intent-filter>
147        </receiver>
148        <receiver
148-->[androidx.work:work-runtime:2.8.1] AndroidManifest.xml:110:9-121:20
149            android:name="androidx.work.impl.background.systemalarm.RescheduleReceiver"
149-->[androidx.work:work-runtime:2.8.1] AndroidManifest.xml:111:13-88
150            android:directBootAware="false"
150-->[androidx.work:work-runtime:2.8.1] AndroidManifest.xml:112:13-44
151            android:enabled="false"
151-->[androidx.work:work-runtime:2.8.1] AndroidManifest.xml:113:13-36
152            android:exported="false" >
152-->[androidx.work:work-runtime:2.8.1] AndroidManifest.xml:114:13-37
153            <intent-filter>
153-->[androidx.work:work-runtime:2.8.1] AndroidManifest.xml:116:13-120:29
154                <action android:name="android.intent.action.BOOT_COMPLETED" />
154-->[androidx.work:work-runtime:2.8.1] AndroidManifest.xml:117:17-79
154-->[androidx.work:work-runtime:2.8.1] AndroidManifest.xml:117:25-76
155                <action android:name="android.intent.action.TIME_SET" />
155-->[androidx.work:work-runtime:2.8.1] AndroidManifest.xml:118:17-73
155-->[androidx.work:work-runtime:2.8.1] AndroidManifest.xml:118:25-70
156                <action android:name="android.intent.action.TIMEZONE_CHANGED" />
156-->[androidx.work:work-runtime:2.8.1] AndroidManifest.xml:119:17-81
156-->[androidx.work:work-runtime:2.8.1] AndroidManifest.xml:119:25-78
157            </intent-filter>
158        </receiver>
159        <receiver
159-->[androidx.work:work-runtime:2.8.1] AndroidManifest.xml:122:9-131:20
160            android:name="androidx.work.impl.background.systemalarm.ConstraintProxyUpdateReceiver"
160-->[androidx.work:work-runtime:2.8.1] AndroidManifest.xml:123:13-99
161            android:directBootAware="false"
161-->[androidx.work:work-runtime:2.8.1] AndroidManifest.xml:124:13-44
162            android:enabled="@bool/enable_system_alarm_service_default"
162-->[androidx.work:work-runtime:2.8.1] AndroidManifest.xml:125:13-72
163            android:exported="false" >
163-->[androidx.work:work-runtime:2.8.1] AndroidManifest.xml:126:13-37
164            <intent-filter>
164-->[androidx.work:work-runtime:2.8.1] AndroidManifest.xml:128:13-130:29
165                <action android:name="androidx.work.impl.background.systemalarm.UpdateProxies" />
165-->[androidx.work:work-runtime:2.8.1] AndroidManifest.xml:129:17-98
165-->[androidx.work:work-runtime:2.8.1] AndroidManifest.xml:129:25-95
166            </intent-filter>
167        </receiver>
168        <receiver
168-->[androidx.work:work-runtime:2.8.1] AndroidManifest.xml:132:9-142:20
169            android:name="androidx.work.impl.diagnostics.DiagnosticsReceiver"
169-->[androidx.work:work-runtime:2.8.1] AndroidManifest.xml:133:13-78
170            android:directBootAware="false"
170-->[androidx.work:work-runtime:2.8.1] AndroidManifest.xml:134:13-44
171            android:enabled="true"
171-->[androidx.work:work-runtime:2.8.1] AndroidManifest.xml:135:13-35
172            android:exported="true"
172-->[androidx.work:work-runtime:2.8.1] AndroidManifest.xml:136:13-36
173            android:permission="android.permission.DUMP" >
173-->[androidx.work:work-runtime:2.8.1] AndroidManifest.xml:137:13-57
174            <intent-filter>
174-->[androidx.work:work-runtime:2.8.1] AndroidManifest.xml:139:13-141:29
175                <action android:name="androidx.work.diagnostics.REQUEST_DIAGNOSTICS" />
175-->[androidx.work:work-runtime:2.8.1] AndroidManifest.xml:140:17-88
175-->[androidx.work:work-runtime:2.8.1] AndroidManifest.xml:140:25-85
176            </intent-filter>
177        </receiver>
178
179        <service
179-->[androidx.room:room-runtime:2.5.0] AndroidManifest.xml:24:9-28:63
180            android:name="androidx.room.MultiInstanceInvalidationService"
180-->[androidx.room:room-runtime:2.5.0] AndroidManifest.xml:25:13-74
181            android:directBootAware="true"
181-->[androidx.room:room-runtime:2.5.0] AndroidManifest.xml:26:13-43
182            android:exported="false" />
182-->[androidx.room:room-runtime:2.5.0] AndroidManifest.xml:27:13-37
183
184        <receiver
184-->[androidx.profileinstaller:profileinstaller:1.3.0] AndroidManifest.xml:34:9-52:20
185            android:name="androidx.profileinstaller.ProfileInstallReceiver"
185-->[androidx.profileinstaller:profileinstaller:1.3.0] AndroidManifest.xml:35:13-76
186            android:directBootAware="false"
186-->[androidx.profileinstaller:profileinstaller:1.3.0] AndroidManifest.xml:36:13-44
187            android:enabled="true"
187-->[androidx.profileinstaller:profileinstaller:1.3.0] AndroidManifest.xml:37:13-35
188            android:exported="true"
188-->[androidx.profileinstaller:profileinstaller:1.3.0] AndroidManifest.xml:38:13-36
189            android:permission="android.permission.DUMP" >
189-->[androidx.profileinstaller:profileinstaller:1.3.0] AndroidManifest.xml:39:13-57
190            <intent-filter>
190-->[androidx.profileinstaller:profileinstaller:1.3.0] AndroidManifest.xml:40:13-42:29
191                <action android:name="androidx.profileinstaller.action.INSTALL_PROFILE" />
191-->[androidx.profileinstaller:profileinstaller:1.3.0] AndroidManifest.xml:41:17-91
191-->[androidx.profileinstaller:profileinstaller:1.3.0] AndroidManifest.xml:41:25-88
192            </intent-filter>
193            <intent-filter>
193-->[androidx.profileinstaller:profileinstaller:1.3.0] AndroidManifest.xml:43:13-45:29
194                <action android:name="androidx.profileinstaller.action.SKIP_FILE" />
194-->[androidx.profileinstaller:profileinstaller:1.3.0] AndroidManifest.xml:44:17-85
194-->[androidx.profileinstaller:profileinstaller:1.3.0] AndroidManifest.xml:44:25-82
195            </intent-filter>
196            <intent-filter>
196-->[androidx.profileinstaller:profileinstaller:1.3.0] AndroidManifest.xml:46:13-48:29
197                <action android:name="androidx.profileinstaller.action.SAVE_PROFILE" />
197-->[androidx.profileinstaller:profileinstaller:1.3.0] AndroidManifest.xml:47:17-88
197-->[androidx.profileinstaller:profileinstaller:1.3.0] AndroidManifest.xml:47:25-85
198            </intent-filter>
199            <intent-filter>
199-->[androidx.profileinstaller:profileinstaller:1.3.0] AndroidManifest.xml:49:13-51:29
200                <action android:name="androidx.profileinstaller.action.BENCHMARK_OPERATION" />
200-->[androidx.profileinstaller:profileinstaller:1.3.0] AndroidManifest.xml:50:17-95
200-->[androidx.profileinstaller:profileinstaller:1.3.0] AndroidManifest.xml:50:25-92
201            </intent-filter>
202        </receiver>
203    </application>
204
205</manifest>